<?xml version="1.0" encoding="UTF-8"?>
<!-- Generated by org.testng.reporters.JUnitReportReporter -->
<testsuite hostname="LAPTOP-8MQ16BIB" failures="0" tests="1" name="com.inetBanking.testCases.TC01_LoginTest_001" time="2.815" errors="0" timestamp="2020-01-18T13:50:21 IST" skipped="0">
  <testcase classname="com.inetBanking.testCases.TC01_LoginTest_001" name="Logintest" time="2.815"/>
</testsuite> <!-- com.inetBanking.testCases.TC01_LoginTest_001 -->
