<?xml version="1.0" encoding="UTF-8"?>
<!-- Generated by org.testng.reporters.JUnitReportReporter -->
<testsuite hostname="LAPTOP-8MQ16BIB" failures="0" tests="5" name="com.inetBanking.testCases.TC02_LoginDDT_002" time="14.605" errors="0" timestamp="2020-01-18T13:50:21 IST" skipped="0">
  <testcase classname="com.inetBanking.testCases.TC02_LoginDDT_002" name="loginDDT" time="3.903"/>
  <testcase classname="com.inetBanking.testCases.TC02_LoginDDT_002" name="loginDDT" time="2.178"/>
  <testcase classname="com.inetBanking.testCases.TC02_LoginDDT_002" name="loginDDT" time="2.599"/>
  <testcase classname="com.inetBanking.testCases.TC02_LoginDDT_002" name="loginDDT" time="2.072"/>
  <testcase classname="com.inetBanking.testCases.TC02_LoginDDT_002" name="loginDDT" time="3.853"/>
</testsuite> <!-- com.inetBanking.testCases.TC02_LoginDDT_002 -->
