<?xml version="1.0" encoding="UTF-8"?>
<!-- Generated by org.testng.reporters.JUnitReportReporter -->
<testsuite hostname="LAPTOP-8MQ16BIB" failures="0" tests="5" name="com.inetBanking.testCases.TC02_LoginDDT_002" time="16.129" errors="0" timestamp="2020-01-18T14:54:11 IST" skipped="0">
  <testcase classname="com.inetBanking.testCases.TC02_LoginDDT_002" name="loginDDT" time="2.474"/>
  <testcase classname="com.inetBanking.testCases.TC02_LoginDDT_002" name="loginDDT" time="2.470"/>
  <testcase classname="com.inetBanking.testCases.TC02_LoginDDT_002" name="loginDDT" time="2.254"/>
  <testcase classname="com.inetBanking.testCases.TC02_LoginDDT_002" name="loginDDT" time="3.939"/>
  <testcase classname="com.inetBanking.testCases.TC02_LoginDDT_002" name="loginDDT" time="4.992"/>
</testsuite> <!-- com.inetBanking.testCases.TC02_LoginDDT_002 -->
